  main.cpp
c:\users\gamer\desktop\sfml\sfml\main.cpp(36): warning C4018: '<=' : incompatibilité signed/unsigned
c:\users\gamer\desktop\sfml\sfml\main.cpp(46): warning C4244: 'argument' : conversion de 'T' en 'T', perte possible de données
          with
          [
              T=unsigned int
          ]
          and
          [
              T=float
          ]
c:\users\gamer\desktop\sfml\sfml\main.cpp(83): warning C4244: 'argument' : conversion de 'double' en 'sf::Uint8', perte possible de données
  Player.cpp
c:\users\gamer\desktop\sfml\sfml\player.cpp(7): warning C4244: '=' : conversion de 'int' en 'T', perte possible de données
          with
          [
              T=float
          ]
c:\users\gamer\desktop\sfml\sfml\player.cpp(8): warning C4244: '=' : conversion de 'int' en 'T', perte possible de données
          with
          [
              T=float
          ]
c:\users\gamer\desktop\sfml\sfml\player.cpp(12): warning C4244: 'argument' : conversion de 'int' en 'T', perte possible de données
          with
          [
              T=float
          ]
c:\users\gamer\desktop\sfml\sfml\player.cpp(38): warning C4244: '=' : conversion de 'int' en 'T', perte possible de données
          with
          [
              T=float
          ]
  Génération de code en cours...
  TemplateSFML.vcxproj -> C:\Users\gamer\Desktop\sfml\sfml\x64\Debug\TemplateSFML.exe
